<?xml version="1.0" encoding="UTF-8"?>
<!-- Generated by org.testng.reporters.JUnitXMLReporter -->
<testsuite ignored="0" hostname="a-karman-pc" failures="1" tests="8" name="Surefire test" time="54.897" errors="0" timestamp="2022-12-25T16:41:26 GET">
  <testcase classname="CalcPageTest" name="amountLossUSDCalculation" time="7.341"/>
  <testcase classname="CalcPageTest" name="buyEmptied" time="3.118"/>
  <testcase classname="CalcPageTest" name="countryCheck" time="7.595"/>
  <testcase classname="CalcPageTest" name="countryCheck" time="7.988"/>
  <testcase classname="CalcPageTest" name="countryCheck" time="8.735"/>
  <testcase classname="CalcPageTest" name="countryCheck" time="7.365">
    <failure type="java.lang.AssertionError" message="Currency rates haven&amp;apos;t been updated
	did not expect [1.063000] but found [1.063000]">
      <![CDATA[java.lang.AssertionError: Currency rates haven't been updated
did not expect [1.063000] but found [1.063000]
at Pages.CalcPage.assertCurrencyUpdates(CalcPage.java:94)
at CalcPageTest.countryCheck(CalcPageTest.java:48)
at java.base/java.util.ArrayList.forEach(ArrayList.java:1541)
... Removed 32 stack frames]]>
    </failure>
  </testcase> <!-- countryCheck -->
  <testcase classname="CalcPageTest" name="countryCheck" time="8.772"/>
  <testcase classname="CalcPageTest" name="sellEmptied" time="3.832"/>
</testsuite> <!-- Surefire test -->
