<?xml version="1.0" encoding="UTF-8"?>
<!-- Generated by org.testng.reporters.JUnitXMLReporter -->
<testsuite ignored="0" hostname="a-karman-pc" failures="0" tests="7" name="Surefire test" time="55.475" errors="0" timestamp="2022-12-26T16:40:24 GET">
  <testcase classname="CalcPageTest" name="amountLossUSDCalculation" time="8.841"/>
  <testcase classname="CalcPageTest" name="buyEmptied" time="4.186"/>
  <testcase classname="CalcPageTest" name="countrySwitchViaMenuUpdates" time="9.683"/>
  <testcase classname="CalcPageTest" name="countrySwitchViaMenuUpdates" time="9.629"/>
  <testcase classname="CalcPageTest" name="countrySwitchViaMenuUpdates" time="9.993"/>
  <testcase classname="CalcPageTest" name="countrySwitchViaMenuUpdates" time="9.478"/>
  <testcase classname="CalcPageTest" name="sellEmptied" time="3.462"/>
</testsuite> <!-- Surefire test -->
