-------------------------------------------------------------------------------
Test set: CalcPageTest
-------------------------------------------------------------------------------
Tests run: 8, Failures: 1, Errors: 0, Skipped: 0, Time elapsed: 55.213 sec <<< FAILURE! - in CalcPageTest
countryCheck(CalcPageTest)  Time elapsed: 7.37 sec  <<< FAILURE!
java.lang.AssertionError: 
Currency rates haven't been updated
	did not expect [1.063000] but found [1.063000]
	at CalcPageTest.countryCheck(CalcPageTest.java:48)

