<?xml version="1.0" encoding="UTF-8"?>
<testng-results ignored="0" total="8" passed="7" failed="1" skipped="0">
  <reporter-output>
  </reporter-output>
  <suite started-at="2022-12-25T16:40:31 GET" name="Surefire suite" finished-at="2022-12-25T16:41:26 GET" duration-ms="54897">
    <groups>
    </groups>
    <test started-at="2022-12-25T16:40:31 GET" name="Surefire test" finished-at="2022-12-25T16:41:26 GET" duration-ms="54897">
      <class name="CalcPageTest">
        <test-method is-config="true" signature="init()[pri:0, instance:CalcPageTest@516be40f]" started-at="2022-12-25T16:40:31 GET" name="init" finished-at="2022-12-25T16:40:31 GET" duration-ms="91" status="PASS">
          <reporter-output>
          </reporter-output>
        </test-method> <!-- init -->
        <test-method signature="amountLossUSDCalculation()[pri:0, instance:CalcPageTest@516be40f]" started-at="2022-12-25T16:40:31 GET" name="amountLossUSDCalculation" finished-at="2022-12-25T16:40:39 GET" duration-ms="7341" status="PASS">
          <reporter-output>
          </reporter-output>
        </test-method> <!-- amountLossUSDCalculation -->
        <test-method is-config="true" signature="init()[pri:0, instance:CalcPageTest@516be40f]" started-at="2022-12-25T16:40:39 GET" name="init" finished-at="2022-12-25T16:40:39 GET" duration-ms="0" status="PASS">
          <reporter-output>
          </reporter-output>
        </test-method> <!-- init -->
        <test-method signature="buyEmptied()[pri:0, instance:CalcPageTest@516be40f]" started-at="2022-12-25T16:40:39 GET" name="buyEmptied" finished-at="2022-12-25T16:40:42 GET" duration-ms="3118" status="PASS">
          <reporter-output>
          </reporter-output>
        </test-method> <!-- buyEmptied -->
        <test-method signature="countryCheck(Enums.CountriesEnum)[pri:0, instance:CalcPageTest@516be40f]" started-at="2022-12-25T16:40:42 GET" name="countryCheck" data-provider="countries" finished-at="2022-12-25T16:40:49 GET" duration-ms="7595" status="PASS">
          <params>
            <param index="0">
              <value>
                <![CDATA[ALBANIA]]>
              </value>
            </param>
          </params>
          <reporter-output>
          </reporter-output>
        </test-method> <!-- countryCheck -->
        <test-method is-config="true" signature="init()[pri:0, instance:CalcPageTest@516be40f]" started-at="2022-12-25T16:40:42 GET" name="init" finished-at="2022-12-25T16:40:42 GET" duration-ms="0" status="PASS">
          <reporter-output>
          </reporter-output>
        </test-method> <!-- init -->
        <test-method signature="countryCheck(Enums.CountriesEnum)[pri:0, instance:CalcPageTest@516be40f]" started-at="2022-12-25T16:40:49 GET" name="countryCheck" data-provider="countries" finished-at="2022-12-25T16:40:57 GET" duration-ms="7988" status="PASS">
          <params>
            <param index="0">
              <value>
                <![CDATA[ROMANIA]]>
              </value>
            </param>
          </params>
          <reporter-output>
          </reporter-output>
        </test-method> <!-- countryCheck -->
        <test-method is-config="true" signature="init()[pri:0, instance:CalcPageTest@516be40f]" started-at="2022-12-25T16:40:49 GET" name="init" finished-at="2022-12-25T16:40:49 GET" duration-ms="0" status="PASS">
          <reporter-output>
          </reporter-output>
        </test-method> <!-- init -->
        <test-method signature="countryCheck(Enums.CountriesEnum)[pri:0, instance:CalcPageTest@516be40f]" started-at="2022-12-25T16:40:57 GET" name="countryCheck" data-provider="countries" finished-at="2022-12-25T16:41:06 GET" duration-ms="8735" status="PASS">
          <params>
            <param index="0">
              <value>
                <![CDATA[UK]]>
              </value>
            </param>
          </params>
          <reporter-output>
          </reporter-output>
        </test-method> <!-- countryCheck -->
        <test-method is-config="true" signature="init()[pri:0, instance:CalcPageTest@516be40f]" started-at="2022-12-25T16:40:57 GET" name="init" finished-at="2022-12-25T16:40:57 GET" duration-ms="0" status="PASS">
          <reporter-output>
          </reporter-output>
        </test-method> <!-- init -->
        <test-method signature="countryCheck(Enums.CountriesEnum)[pri:0, instance:CalcPageTest@516be40f]" started-at="2022-12-25T16:41:06 GET" name="countryCheck" data-provider="countries" finished-at="2022-12-25T16:41:13 GET" duration-ms="7365" status="FAIL">
          <params>
            <param index="0">
              <value>
                <![CDATA[LITHUANIA]]>
              </value>
            </param>
          </params>
          <exception class="java.lang.AssertionError">
            <message>
              <![CDATA[Currency rates haven't been updated
did not expect [1.063000] but found [1.063000]]]>
            </message>
            <full-stacktrace>
              <![CDATA[java.lang.AssertionError: Currency rates haven't been updated
did not expect [1.063000] but found [1.063000]
at org.testng.asserts.SoftAssert.assertAll(SoftAssert.java:46)
at Pages.CalcPage.assertCurrencyUpdates(CalcPage.java:94)
at CalcPageTest.countryCheck(CalcPageTest.java:48)
at java.base/jdk.internal.reflect.NativeMethodAccessorImpl.invoke0(Native Method)
at java.base/jdk.internal.reflect.NativeMethodAccessorImpl.invoke(NativeMethodAccessorImpl.java:62)
at java.base/jdk.internal.reflect.DelegatingMethodAccessorImpl.invoke(DelegatingMethodAccessorImpl.java:43)
at java.base/java.lang.reflect.Method.invoke(Method.java:566)
at org.testng.internal.invokers.MethodInvocationHelper.invokeMethod(MethodInvocationHelper.java:139)
at org.testng.internal.invokers.TestInvoker.invokeMethod(TestInvoker.java:677)
at org.testng.internal.invokers.TestInvoker.invokeTestMethod(TestInvoker.java:221)
at org.testng.internal.invokers.MethodRunner.runInSequence(MethodRunner.java:50)
at org.testng.internal.invokers.TestInvoker$MethodInvocationAgent.invoke(TestInvoker.java:962)
at org.testng.internal.invokers.TestInvoker.invokeTestMethods(TestInvoker.java:194)
at org.testng.internal.invokers.TestMethodWorker.invokeTestMethods(TestMethodWorker.java:148)
at org.testng.internal.invokers.TestMethodWorker.run(TestMethodWorker.java:128)
at java.base/java.util.ArrayList.forEach(ArrayList.java:1541)
at org.testng.TestRunner.privateRun(TestRunner.java:806)
at org.testng.TestRunner.run(TestRunner.java:601)
at org.testng.SuiteRunner.runTest(SuiteRunner.java:433)
at org.testng.SuiteRunner.runSequentially(SuiteRunner.java:427)
at org.testng.SuiteRunner.privateRun(SuiteRunner.java:387)
at org.testng.SuiteRunner.run(SuiteRunner.java:330)
at org.testng.SuiteRunnerWorker.runSuite(SuiteRunnerWorker.java:52)
at org.testng.SuiteRunnerWorker.run(SuiteRunnerWorker.java:95)
at org.testng.TestNG.runSuitesSequentially(TestNG.java:1256)
at org.testng.TestNG.runSuitesLocally(TestNG.java:1176)
at org.testng.TestNG.runSuites(TestNG.java:1099)
at org.testng.TestNG.run(TestNG.java:1067)
at org.apache.maven.surefire.testng.TestNGExecutor.run(TestNGExecutor.java:132)
at org.apache.maven.surefire.testng.TestNGDirectoryTestSuite.executeSingleClass(TestNGDirectoryTestSuite.java:112)
at org.apache.maven.surefire.testng.TestNGDirectoryTestSuite.execute(TestNGDirectoryTestSuite.java:99)
at org.apache.maven.surefire.testng.TestNGProvider.invoke(TestNGProvider.java:147)
at org.apache.maven.surefire.booter.ForkedBooter.invokeProviderInSameClassLoader(ForkedBooter.java:290)
at org.apache.maven.surefire.booter.ForkedBooter.runSuitesInProcess(ForkedBooter.java:242)
at org.apache.maven.surefire.booter.ForkedBooter.main(ForkedBooter.java:121)
]]>
            </full-stacktrace>
          </exception> <!-- java.lang.AssertionError -->
          <reporter-output>
          </reporter-output>
        </test-method> <!-- countryCheck -->
        <test-method is-config="true" signature="init()[pri:0, instance:CalcPageTest@516be40f]" started-at="2022-12-25T16:41:06 GET" name="init" finished-at="2022-12-25T16:41:06 GET" duration-ms="0" status="PASS">
          <reporter-output>
          </reporter-output>
        </test-method> <!-- init -->
        <test-method signature="countryCheck(Enums.CountriesEnum)[pri:0, instance:CalcPageTest@516be40f]" started-at="2022-12-25T16:41:13 GET" name="countryCheck" data-provider="countries" finished-at="2022-12-25T16:41:22 GET" duration-ms="8772" status="PASS">
          <params>
            <param index="0">
              <value>
                <![CDATA[BULGARIA]]>
              </value>
            </param>
          </params>
          <reporter-output>
          </reporter-output>
        </test-method> <!-- countryCheck -->
        <test-method is-config="true" signature="init()[pri:0, instance:CalcPageTest@516be40f]" started-at="2022-12-25T16:41:13 GET" name="init" finished-at="2022-12-25T16:41:13 GET" duration-ms="0" status="PASS">
          <reporter-output>
          </reporter-output>
        </test-method> <!-- init -->
        <test-method signature="sellEmptied()[pri:0, instance:CalcPageTest@516be40f]" started-at="2022-12-25T16:41:22 GET" name="sellEmptied" finished-at="2022-12-25T16:41:26 GET" duration-ms="3832" status="PASS">
          <reporter-output>
          </reporter-output>
        </test-method> <!-- sellEmptied -->
        <test-method is-config="true" signature="init()[pri:0, instance:CalcPageTest@516be40f]" started-at="2022-12-25T16:41:22 GET" name="init" finished-at="2022-12-25T16:41:22 GET" duration-ms="0" status="PASS">
          <reporter-output>
          </reporter-output>
        </test-method> <!-- init -->
      </class> <!-- CalcPageTest -->
    </test> <!-- Surefire test -->
  </suite> <!-- Surefire suite -->
</testng-results>
