<?xml version="1.0" encoding="UTF-8"?>
<!-- Generated by org.testng.reporters.JUnitXMLReporter -->
<testsuite ignored="0" hostname="a-karman-pc" failures="0" tests="6" name="Command line test" time="46.547" errors="0" timestamp="2022-12-25T15:34:33 GET">
  <testcase classname="CalcPageTest" name="assertAmountLoss" time="7.484"/>
  <testcase classname="CalcPageTest" name="countryCheck" time="9.45"/>
  <testcase classname="CalcPageTest" name="countryCheck" time="10.863"/>
  <testcase classname="CalcPageTest" name="countryCheck" time="10.954"/>
  <testcase classname="CalcPageTest" name="testBuyEmptied" time="3.798"/>
  <testcase classname="CalcPageTest" name="testSellEmptied" time="3.81"/>
</testsuite> <!-- Command line test -->
